<?xml version="1.0" encoding="UTF-8" ?>
<testsuite tests="4" failures="0" name="e3mall.search.test.TestSolrJ" time="2.976" errors="0" skipped="0">
  <properties>
[...]
</properties>
  <testcase classname="e3mall.search.test.TestSolrJ" name="deleteDocument" time="1.065"/>
  <testcase classname="e3mall.search.test.TestSolrJ" name="queryIndexFuza" time="1.712"/>
  <testcase classname="e3mall.search.test.TestSolrJ" name="queryIndex" time="0.003"/>
  <testcase classname="e3mall.search.test.TestSolrJ" name="addDocument" time="0.196"/>
</testsuite>